<?xml version="1.0" encoding="UTF-8"?>
<!-- Generated by org.testng.reporters.JUnitReportReporter -->
<testsuite skipped="0" hostname="Nik-PC" name="Test.GoogleAPI" tests="2" failures="0" timestamp="14 Jul 2020 08:21:51 GMT" time="12.647" errors="0">
  <testcase name="postGoogleAPI" time="1.386" classname="Test.GoogleAPI"/>
  <testcase name="getGoogleAPI" time="11.261" classname="Test.GoogleAPI"/>
</testsuite> <!-- Test.GoogleAPI -->
